{"/Users/luis/Documents/Programming/hdx-monitor/hdx-monitor-org-stats/config/dev.js":{"path":"/Users/luis/Documents/Programming/hdx-monitor/hdx-monitor-org-stats/config/dev.js","s":{"1":1},"b":{"1":[1,0]},"f":{},"fnMap":{},"statementMap":{"1":{"start":{"line":1,"column":0},"end":{"line":6,"column":1}}},"branchMap":{"1":{"line":3,"type":"binary-expr","locations":[{"start":{"line":3,"column":12},"end":{"line":3,"column":39}},{"start":{"line":3,"column":43},"end":{"line":3,"column":47}}]}}},"/Users/luis/Documents/Programming/hdx-monitor/hdx-monitor-org-stats/config/prod.js":{"path":"/Users/luis/Documents/Programming/hdx-monitor/hdx-monitor-org-stats/config/prod.js","s":{"1":1},"b":{"1":[1,0]},"f":{},"fnMap":{},"statementMap":{"1":{"start":{"line":1,"column":0},"end":{"line":6,"column":1}}},"branchMap":{"1":{"line":3,"type":"binary-expr","locations":[{"start":{"line":3,"column":12},"end":{"line":3,"column":39}},{"start":{"line":3,"column":43},"end":{"line":3,"column":47}}]}}},"/Users/luis/Documents/Programming/hdx-monitor/hdx-monitor-org-stats/app/functions/fetch.js":{"path":"/Users/luis/Documents/Programming/hdx-monitor/hdx-monitor-org-stats/app/functions/fetch.js","s":{"1":1,"2":1,"3":1,"4":1,"5":2,"6":3,"7":3,"8":3,"9":18,"10":6,"11":3,"12":2,"13":1,"14":1,"15":1,"16":26,"17":1,"18":2,"19":1,"20":1,"21":1,"22":1,"23":26,"24":26,"25":1,"26":2,"27":2,"28":1,"29":1,"30":1,"31":1,"32":1,"33":6,"34":6,"35":6,"36":1,"37":1,"38":0,"39":0,"40":1},"b":{"1":[6,12],"2":[1,1],"3":[1,0]},"f":{"1":2,"2":3,"3":1,"4":1,"5":1,"6":6},"fnMap":{"1":{"name":"(anonymous_1)","line":11,"loc":{"start":{"line":11,"column":28},"end":{"line":11,"column":65}}},"2":{"name":"(anonymous_2)","line":16,"loc":{"start":{"line":16,"column":19},"end":{"line":16,"column":41}}},"3":{"name":"(anonymous_3)","line":32,"loc":{"start":{"line":32,"column":29},"end":{"line":32,"column":45}}},"4":{"name":"(anonymous_4)","line":45,"loc":{"start":{"line":45,"column":17},"end":{"line":45,"column":33}}},"5":{"name":"(anonymous_5)","line":69,"loc":{"start":{"line":69,"column":64},"end":{"line":69,"column":85}}},"6":{"name":"(anonymous_6)","line":71,"loc":{"start":{"line":71,"column":34},"end":{"line":71,"column":47}}}},"statementMap":{"1":{"start":{"line":4,"column":0},"end":{"line":4,"column":26}},"2":{"start":{"line":5,"column":0},"end":{"line":5,"column":43}},"3":{"start":{"line":6,"column":0},"end":{"line":6,"column":64}},"4":{"start":{"line":11,"column":0},"end":{"line":103,"column":1}},"5":{"start":{"line":16,"column":2},"end":{"line":25,"column":3}},"6":{"start":{"line":17,"column":4},"end":{"line":17,"column":17}},"7":{"start":{"line":18,"column":4},"end":{"line":18,"column":33}},"8":{"start":{"line":19,"column":4},"end":{"line":23,"column":5}},"9":{"start":{"line":20,"column":6},"end":{"line":22,"column":7}},"10":{"start":{"line":21,"column":8},"end":{"line":21,"column":18}},"11":{"start":{"line":24,"column":4},"end":{"line":24,"column":16}},"12":{"start":{"line":32,"column":2},"end":{"line":39,"column":3}},"13":{"start":{"line":33,"column":4},"end":{"line":33,"column":21}},"14":{"start":{"line":34,"column":4},"end":{"line":34,"column":39}},"15":{"start":{"line":35,"column":4},"end":{"line":37,"column":5}},"16":{"start":{"line":36,"column":6},"end":{"line":36,"column":53}},"17":{"start":{"line":38,"column":4},"end":{"line":38,"column":20}},"18":{"start":{"line":45,"column":2},"end":{"line":59,"column":3}},"19":{"start":{"line":46,"column":4},"end":{"line":46,"column":9}},"20":{"start":{"line":47,"column":4},"end":{"line":47,"column":20}},"21":{"start":{"line":48,"column":4},"end":{"line":48,"column":39}},"22":{"start":{"line":49,"column":4},"end":{"line":56,"column":5}},"23":{"start":{"line":50,"column":6},"end":{"line":54,"column":7}},"24":{"start":{"line":55,"column":6},"end":{"line":55,"column":21}},"25":{"start":{"line":57,"column":4},"end":{"line":57,"column":18}},"26":{"start":{"line":61,"column":2},"end":{"line":61,"column":13}},"27":{"start":{"line":62,"column":2},"end":{"line":102,"column":3}},"28":{"start":{"line":63,"column":4},"end":{"line":66,"column":5}},"29":{"start":{"line":67,"column":4},"end":{"line":67,"column":21}},"30":{"start":{"line":69,"column":4},"end":{"line":101,"column":6}},"31":{"start":{"line":70,"column":6},"end":{"line":100,"column":7}},"32":{"start":{"line":71,"column":8},"end":{"line":71,"column":79}},"33":{"start":{"line":71,"column":49},"end":{"line":71,"column":59}},"34":{"start":{"line":71,"column":60},"end":{"line":71,"column":67}},"35":{"start":{"line":71,"column":68},"end":{"line":71,"column":77}},"36":{"start":{"line":72,"column":8},"end":{"line":91,"column":9}},"37":{"start":{"line":92,"column":8},"end":{"line":92,"column":31}},"38":{"start":{"line":94,"column":8},"end":{"line":98,"column":9}},"39":{"start":{"line":99,"column":8},"end":{"line":99,"column":25}},"40":{"start":{"line":108,"column":0},"end":{"line":110,"column":1}}},"branchMap":{"1":{"line":20,"type":"if","locations":[{"start":{"line":20,"column":6},"end":{"line":20,"column":6}},{"start":{"line":20,"column":6},"end":{"line":20,"column":6}}]},"2":{"line":62,"type":"if","locations":[{"start":{"line":62,"column":2},"end":{"line":62,"column":2}},{"start":{"line":62,"column":2},"end":{"line":62,"column":2}}]},"3":{"line":70,"type":"if","locations":[{"start":{"line":70,"column":6},"end":{"line":70,"column":6}},{"start":{"line":70,"column":6},"end":{"line":70,"column":6}}]}}}}