TN:
SF:/Users/luis/Documents/Programming/hdx-monitor/hdx-monitor-org-stats/config/dev.js
FNF:0
FNH:0
DA:1,1
LF:1
LH:1
BRDA:3,1,0,1
BRDA:3,1,1,0
BRF:2
BRH:1
end_of_record
TN:
SF:/Users/luis/Documents/Programming/hdx-monitor/hdx-monitor-org-stats/config/prod.js
FNF:0
FNH:0
DA:1,1
LF:1
LH:1
BRDA:3,1,0,1
BRDA:3,1,1,0
BRF:2
BRH:1
end_of_record
TN:
SF:/Users/luis/Documents/Programming/hdx-monitor/hdx-monitor-org-stats/app/functions/fetch.js
FN:11,(anonymous_1)
FN:16,(anonymous_2)
FN:32,(anonymous_3)
FN:45,(anonymous_4)
FN:69,(anonymous_5)
FN:71,(anonymous_6)
FNF:6
FNH:6
FNDA:2,(anonymous_1)
FNDA:3,(anonymous_2)
FNDA:1,(anonymous_3)
FNDA:1,(anonymous_4)
FNDA:1,(anonymous_5)
FNDA:6,(anonymous_6)
DA:4,1
DA:5,1
DA:6,1
DA:11,1
DA:16,2
DA:17,3
DA:18,3
DA:19,3
DA:20,18
DA:21,6
DA:24,3
DA:32,2
DA:33,1
DA:34,1
DA:35,1
DA:36,26
DA:38,1
DA:45,2
DA:46,1
DA:47,1
DA:48,1
DA:49,1
DA:50,26
DA:55,26
DA:57,1
DA:61,2
DA:62,2
DA:63,1
DA:67,1
DA:69,1
DA:70,1
DA:71,6
DA:72,1
DA:92,1
DA:94,0
DA:99,0
DA:108,1
LF:37
LH:35
BRDA:20,1,0,6
BRDA:20,1,1,12
BRDA:62,2,0,1
BRDA:62,2,1,1
BRDA:70,3,0,1
BRDA:70,3,1,0
BRF:6
BRH:5
end_of_record
